<?xml version="1.0" encoding="UTF-8"?>
<!-- Generated by org.testng.reporters.JUnitXMLReporter -->
<testsuite ignored="1" hostname="M-C02D81CPML87" failures="4" tests="5" name="End to End Booking Tests" time="3.222" errors="0" timestamp="2023-05-27T22:58:45 IST">
  <testcase classname="playwright.restfulbooker.tests.RestFulBookerFinalTests" name="createBooking" time="0.03">
    <failure type="java.lang.ClassCastException" message="class com.microsoft.playwright.impl.APIResponseImpl cannot be cast to class com.microsoft.playwright.APIRequest (com.microsoft.playwright.impl.APIResponseImpl and com.microsoft.playwright.APIRequest are in unnamed module of loader &amp;apos;app&amp;apos;)">
      <![CDATA[java.lang.ClassCastException: class com.microsoft.playwright.impl.APIResponseImpl cannot be cast to class com.microsoft.playwright.APIRequest (com.microsoft.playwright.impl.APIResponseImpl and com.microsoft.playwright.APIRequest are in unnamed module of loader 'app')
at playwright.restfulbooker.tests.RestFulBookerFinalTests.createBooking(RestFulBookerFinalTests.java:34)
at java.base/java.util.ArrayList.forEach(ArrayList.java:1511)
... Removed 30 stack frames]]>
    </failure>
  </testcase> <!-- createBooking -->
  <testcase classname="playwright.restfulbooker.tests.RestFulBookerFinalTests" name="generateToken" time="0.028"/>
  <testcase classname="playwright.restfulbooker.tests.RestFulBookerFinalTests" name="updatePartialBooking" time="0.032">
    <failure type="java.lang.AssertionError" message="expected [200] but found [405]">
      <![CDATA[java.lang.AssertionError: expected [200] but found [405]
at playwright.restfulbooker.tests.RestFulBookerFinalTests.updatePartialBooking(RestFulBookerFinalTests.java:120)
at java.base/java.util.ArrayList.forEach(ArrayList.java:1511)
... Removed 37 stack frames]]>
    </failure>
  </testcase> <!-- updatePartialBooking -->
  <testcase classname="playwright.restfulbooker.tests.RestFulBookerFinalTests" name="deleteBooking" time="0.007">
    <failure type="java.lang.AssertionError" message="expected [200] but found [405]">
      <![CDATA[java.lang.AssertionError: expected [200] but found [405]
at playwright.restfulbooker.tests.RestFulBookerFinalTests.deleteBooking(RestFulBookerFinalTests.java:133)
at java.base/java.util.ArrayList.forEach(ArrayList.java:1511)
... Removed 37 stack frames]]>
    </failure>
  </testcase> <!-- deleteBooking -->
  <testcase classname="playwright.restfulbooker.tests.RestFulBookerFinalTests" name="validateDeleted" time="0.007">
    <failure type="java.lang.AssertionError" message="expected [404] but found [403]">
      <![CDATA[java.lang.AssertionError: expected [404] but found [403]
at playwright.restfulbooker.tests.RestFulBookerFinalTests.validateDeleted(RestFulBookerFinalTests.java:140)
at java.base/java.util.ArrayList.forEach(ArrayList.java:1511)
... Removed 37 stack frames]]>
    </failure>
  </testcase> <!-- validateDeleted -->
  <testcase classname="playwright.restfulbooker.tests.RestFulBookerFinalTests" name="updateBooking" time="0.0">
    <ignored/>
  </testcase> <!-- updateBooking -->
</testsuite> <!-- End to End Booking Tests -->
